[0.000000] (-) TimerEvent: {}
[0.000147] (camera) JobQueued: {'identifier': 'camera', 'dependencies': OrderedDict()}
[0.000190] (camera) JobStarted: {'identifier': 'camera'}
[0.006056] (camera) JobProgress: {'identifier': 'camera', 'progress': 'cmake'}
[0.006189] (camera) Command: {'cmd': ['/usr/bin/cmake', '/simulation/src/camera', '-DAMENT_CMAKE_SYMLINK_INSTALL=1', '-DCMAKE_INSTALL_PREFIX=/simulation/install/camera'], 'cwd': '/simulation/build/camera', 'env': OrderedDict([('HOSTNAME', '37d10a36240e'), ('SHLVL', '1'), ('LD_LIBRARY_PATH', '/opt/ros/humble/opt/rviz_ogre_vendor/lib:/opt/ros/humble/lib/x86_64-linux-gnu:/opt/ros/humble/lib'), ('AMENT_CPPCHECK_ALLOW_SLOW_VERSIONS', '1'), ('HOME', '/home/ros'), ('ROS_PYTHON_VERSION', '3'), ('COLCON_PREFIX_PATH', '/opt/ros/humble'), ('ROS_DISTRO', 'humble'), ('_', '/usr/bin/colcon'), ('ROS_VERSION', '2'), ('TERM', 'xterm'), ('ROS_LOCALHOST_ONLY', '0'), ('PATH', '/opt/ros/humble/bin:/usr/local/sbin:/usr/local/bin:/usr/sbin:/usr/bin:/sbin:/bin'), ('DISPLAY', ':1'), ('LANG', 'en_US.UTF-8'), ('AMENT_PREFIX_PATH', '/opt/ros/humble'), ('DEBIAN_FRONTEND', ''), ('PWD', '/simulation/build/camera'), ('PYTHONPATH', '/opt/ros/humble/lib/python3.10/site-packages:/opt/ros/humble/local/lib/python3.10/dist-packages:/opt/ros/humble/local/lib/python3.12/dist-packages:/opt/ros/humble/lib/python3.12/site-packages'), ('COLCON', '1'), ('CMAKE_PREFIX_PATH', '/opt/ros/humble')]), 'shell': False}
[0.053670] (camera) StdoutLine: {'line': b'-- The C compiler identification is GNU 11.4.0\n'}
[0.095873] (camera) StdoutLine: {'line': b'-- The CXX compiler identification is GNU 11.4.0\n'}
[0.099651] (-) TimerEvent: {}
[0.101336] (camera) StdoutLine: {'line': b'-- Detecting C compiler ABI info\n'}
[0.151166] (camera) StdoutLine: {'line': b'-- Detecting C compiler ABI info - done\n'}
[0.159254] (camera) StdoutLine: {'line': b'-- Check for working C compiler: /usr/bin/cc - skipped\n'}
[0.159723] (camera) StdoutLine: {'line': b'-- Detecting C compile features\n'}
[0.159910] (camera) StdoutLine: {'line': b'-- Detecting C compile features - done\n'}
[0.162711] (camera) StdoutLine: {'line': b'-- Detecting CXX compiler ABI info\n'}
[0.199839] (-) TimerEvent: {}
[0.225153] (camera) StdoutLine: {'line': b'-- Detecting CXX compiler ABI info - done\n'}
[0.232220] (camera) StdoutLine: {'line': b'-- Check for working CXX compiler: /usr/bin/c++ - skipped\n'}
[0.232509] (camera) StdoutLine: {'line': b'-- Detecting CXX compile features\n'}
[0.232992] (camera) StdoutLine: {'line': b'-- Detecting CXX compile features - done\n'}
[0.236317] (camera) StdoutLine: {'line': b'-- Found ament_cmake: 1.3.10 (/opt/ros/humble/share/ament_cmake/cmake)\n'}
[0.299950] (-) TimerEvent: {}
[0.340068] (camera) StdoutLine: {'line': b'-- Found Python3: /usr/bin/python3 (found version "3.10.12") found components: Interpreter \n'}
[0.380213] (camera) StdoutLine: {'line': b'-- Override CMake install command with custom implementation using symlinks instead of copying resources\n'}
[0.397509] (camera) StdoutLine: {'line': b'-- Found rosidl_default_generators: 1.2.0 (/opt/ros/humble/share/rosidl_default_generators/cmake)\n'}
[0.400129] (-) TimerEvent: {}
[0.400557] (camera) StdoutLine: {'line': b'-- Using all available rosidl_typesupport_c: rosidl_typesupport_fastrtps_c;rosidl_typesupport_introspection_c\n'}
[0.404608] (camera) StdoutLine: {'line': b'-- Found rosidl_adapter: 3.1.5 (/opt/ros/humble/share/rosidl_adapter/cmake)\n'}
[0.429730] (camera) StdoutLine: {'line': b'-- Using all available rosidl_typesupport_cpp: rosidl_typesupport_fastrtps_cpp;rosidl_typesupport_introspection_cpp\n'}
[0.451297] (camera) StdoutLine: {'line': b'-- Found ros_gz: 0.244.11 (/opt/ros/humble/share/ros_gz/cmake)\n'}
[0.452246] (camera) StdoutLine: {'line': b'-- Found ros_gz_sim: 0.244.11 (/opt/ros/humble/share/ros_gz_sim/cmake)\n'}
[0.483631] (camera) StdoutLine: {'line': b'-- Found rmw_implementation_cmake: 6.1.2 (/opt/ros/humble/share/rmw_implementation_cmake/cmake)\n'}
[0.485168] (camera) StdoutLine: {'line': b'-- Found rmw_fastrtps_cpp: 6.2.7 (/opt/ros/humble/share/rmw_fastrtps_cpp/cmake)\n'}
[0.500250] (-) TimerEvent: {}
[0.585677] (camera) StdoutLine: {'line': b'-- Found OpenSSL: /usr/lib/x86_64-linux-gnu/libcrypto.so (found version "3.0.2")  \n'}
[0.600468] (-) TimerEvent: {}
[0.611317] (camera) StdoutLine: {'line': b'-- Found FastRTPS: /opt/ros/humble/include  \n'}
[0.641627] (camera) StdoutLine: {'line': b"-- Using RMW implementation 'rmw_fastrtps_cpp' as default\n"}
[0.649588] (camera) StdoutLine: {'line': b'-- Looking for pthread.h\n'}
[0.700668] (-) TimerEvent: {}
[0.701926] (camera) StdoutLine: {'line': b'-- Looking for pthread.h - found\n'}
[0.702107] (camera) StdoutLine: {'line': b'-- Performing Test CMAKE_HAVE_LIBC_PTHREAD\n'}
[0.763474] (camera) StdoutLine: {'line': b'-- Performing Test CMAKE_HAVE_LIBC_PTHREAD - Success\n'}
[0.764227] (camera) StdoutLine: {'line': b'-- Found Threads: TRUE  \n'}
[0.798990] (camera) StdoutLine: {'line': b'-- Found ros_gz_bridge: 0.244.11 (/opt/ros/humble/share/ros_gz_bridge/cmake)\n'}
[0.800871] (-) TimerEvent: {}
[0.888802] (camera) StdoutLine: {'line': b'-- Found xacro: 2.0.8 (/opt/ros/humble/share/xacro/cmake)\n'}
[0.889750] (camera) StdoutLine: {'line': b'-- Found ament_lint_auto: 0.12.11 (/opt/ros/humble/share/ament_lint_auto/cmake)\n'}
[0.901074] (-) TimerEvent: {}
[0.938514] (camera) StdoutLine: {'line': b"-- Added test 'flake8' to check Python code syntax and style conventions\n"}
[0.938757] (camera) StdoutLine: {'line': b"-- Added test 'lint_cmake' to check CMake code style\n"}
[0.939086] (camera) StdoutLine: {'line': b"-- Added test 'pep257' to check Python code against some of the docstring style conventions in PEP 257\n"}
[0.939839] (camera) StdoutLine: {'line': b"-- Added test 'xmllint' to check XML markup files\n"}
[0.940685] (camera) StdoutLine: {'line': b'-- Configuring done\n'}
[0.943582] (camera) StdoutLine: {'line': b'-- Generating done\n'}
[0.944448] (camera) StdoutLine: {'line': b'-- Build files have been written to: /simulation/build/camera\n'}
[0.950660] (camera) CommandEnded: {'returncode': 0}
[0.951080] (camera) JobProgress: {'identifier': 'camera', 'progress': 'build'}
[0.951554] (camera) Command: {'cmd': ['/usr/bin/cmake', '--build', '/simulation/build/camera', '--', '-j20', '-l20'], 'cwd': '/simulation/build/camera', 'env': OrderedDict([('HOSTNAME', '37d10a36240e'), ('SHLVL', '1'), ('LD_LIBRARY_PATH', '/opt/ros/humble/opt/rviz_ogre_vendor/lib:/opt/ros/humble/lib/x86_64-linux-gnu:/opt/ros/humble/lib'), ('AMENT_CPPCHECK_ALLOW_SLOW_VERSIONS', '1'), ('HOME', '/home/ros'), ('ROS_PYTHON_VERSION', '3'), ('COLCON_PREFIX_PATH', '/opt/ros/humble'), ('ROS_DISTRO', 'humble'), ('_', '/usr/bin/colcon'), ('ROS_VERSION', '2'), ('TERM', 'xterm'), ('ROS_LOCALHOST_ONLY', '0'), ('PATH', '/opt/ros/humble/bin:/usr/local/sbin:/usr/local/bin:/usr/sbin:/usr/bin:/sbin:/bin'), ('DISPLAY', ':1'), ('LANG', 'en_US.UTF-8'), ('AMENT_PREFIX_PATH', '/opt/ros/humble'), ('DEBIAN_FRONTEND', ''), ('PWD', '/simulation/build/camera'), ('PYTHONPATH', '/opt/ros/humble/lib/python3.10/site-packages:/opt/ros/humble/local/lib/python3.10/dist-packages:/opt/ros/humble/local/lib/python3.12/dist-packages:/opt/ros/humble/lib/python3.12/site-packages'), ('COLCON', '1'), ('CMAKE_PREFIX_PATH', '/opt/ros/humble')]), 'shell': False}
[0.981302] (camera) CommandEnded: {'returncode': 0}
[0.994784] (camera) JobProgress: {'identifier': 'camera', 'progress': 'install'}
[0.999962] (camera) Command: {'cmd': ['/usr/bin/cmake', '--install', '/simulation/build/camera'], 'cwd': '/simulation/build/camera', 'env': OrderedDict([('HOSTNAME', '37d10a36240e'), ('SHLVL', '1'), ('LD_LIBRARY_PATH', '/opt/ros/humble/opt/rviz_ogre_vendor/lib:/opt/ros/humble/lib/x86_64-linux-gnu:/opt/ros/humble/lib'), ('AMENT_CPPCHECK_ALLOW_SLOW_VERSIONS', '1'), ('HOME', '/home/ros'), ('ROS_PYTHON_VERSION', '3'), ('COLCON_PREFIX_PATH', '/opt/ros/humble'), ('ROS_DISTRO', 'humble'), ('_', '/usr/bin/colcon'), ('ROS_VERSION', '2'), ('TERM', 'xterm'), ('ROS_LOCALHOST_ONLY', '0'), ('PATH', '/opt/ros/humble/bin:/usr/local/sbin:/usr/local/bin:/usr/sbin:/usr/bin:/sbin:/bin'), ('DISPLAY', ':1'), ('LANG', 'en_US.UTF-8'), ('AMENT_PREFIX_PATH', '/opt/ros/humble'), ('DEBIAN_FRONTEND', ''), ('PWD', '/simulation/build/camera'), ('PYTHONPATH', '/opt/ros/humble/lib/python3.10/site-packages:/opt/ros/humble/local/lib/python3.10/dist-packages:/opt/ros/humble/local/lib/python3.12/dist-packages:/opt/ros/humble/lib/python3.12/site-packages'), ('COLCON', '1'), ('CMAKE_PREFIX_PATH', '/opt/ros/humble')]), 'shell': False}
[1.001166] (-) TimerEvent: {}
[1.003741] (camera) StdoutLine: {'line': b'-- Install configuration: ""\n'}
[1.003944] (camera) StdoutLine: {'line': b'-- Execute custom install script\n'}
[1.004203] (camera) StdoutLine: {'line': b'-- Symlinking: /simulation/install/camera/share/camera/description/camera.urdf.xacro\n'}
[1.009081] (camera) StdoutLine: {'line': b'-- Symlinking: /simulation/install/camera/share/camera/description/materials.xacro\n'}
[1.013443] (camera) StdoutLine: {'line': b'-- Symlinking: /simulation/install/camera/share/camera/description/shapes.xacro\n'}
[1.019880] (camera) StdoutLine: {'line': b'-- Symlinking: /simulation/install/camera/share/camera/launch/camera.launch.py\n'}
[1.024190] (camera) StdoutLine: {'line': b'-- Symlinking: /simulation/install/camera/share/camera/worlds/ground_plane.world\n'}
[1.029327] (camera) StdoutLine: {'line': b'-- Symlinking: /simulation/install/camera/share/ament_index/resource_index/package_run_dependencies/camera\n'}
[1.034042] (camera) StdoutLine: {'line': b'-- Symlinking: /simulation/install/camera/share/ament_index/resource_index/parent_prefix_path/camera\n'}
[1.038587] (camera) StdoutLine: {'line': b'-- Symlinking: /simulation/install/camera/share/camera/environment/ament_prefix_path.sh\n'}
[1.043562] (camera) StdoutLine: {'line': b'-- Symlinking: /simulation/install/camera/share/camera/environment/ament_prefix_path.dsv\n'}
[1.049821] (camera) StdoutLine: {'line': b'-- Symlinking: /simulation/install/camera/share/camera/environment/path.sh\n'}
[1.055883] (camera) StdoutLine: {'line': b'-- Symlinking: /simulation/install/camera/share/camera/environment/path.dsv\n'}
[1.061776] (camera) StdoutLine: {'line': b'-- Symlinking: /simulation/install/camera/share/camera/local_setup.bash\n'}
[1.066719] (camera) StdoutLine: {'line': b'-- Symlinking: /simulation/install/camera/share/camera/local_setup.sh\n'}
[1.071086] (camera) StdoutLine: {'line': b'-- Symlinking: /simulation/install/camera/share/camera/local_setup.zsh\n'}
[1.076338] (camera) StdoutLine: {'line': b'-- Symlinking: /simulation/install/camera/share/camera/local_setup.dsv\n'}
[1.082051] (camera) StdoutLine: {'line': b'-- Symlinking: /simulation/install/camera/share/camera/package.dsv\n'}
[1.086903] (camera) StdoutLine: {'line': b'-- Symlinking: /simulation/install/camera/share/ament_index/resource_index/packages/camera\n'}
[1.091254] (camera) StdoutLine: {'line': b'-- Symlinking: /simulation/install/camera/share/camera/cmake/cameraConfig.cmake\n'}
[1.096494] (camera) StdoutLine: {'line': b'-- Symlinking: /simulation/install/camera/share/camera/cmake/cameraConfig-version.cmake\n'}
[1.101365] (-) TimerEvent: {}
[1.102366] (camera) StdoutLine: {'line': b'-- Symlinking: /simulation/install/camera/share/camera/package.xml\n'}
[1.109031] (camera) CommandEnded: {'returncode': 0}
[1.139336] (camera) JobEnded: {'identifier': 'camera', 'rc': 0}
[1.139545] (-) EventReactorShutdown: {}
