[0.008s] Invoking command in '/simulation/build/camera': CMAKE_PREFIX_PATH=/opt/ros/humble /usr/bin/cmake --build /simulation/build/camera -- -j20 -l20
[0.025s] -- Found ament_cmake: 1.3.10 (/opt/ros/humble/share/ament_cmake/cmake)
[0.120s] -- Override CMake install command with custom implementation using symlinks instead of copying resources
[0.124s] -- Found rosidl_default_generators: 1.2.0 (/opt/ros/humble/share/rosidl_default_generators/cmake)
[0.125s] -- Using all available rosidl_typesupport_c: rosidl_typesupport_fastrtps_c;rosidl_typesupport_introspection_c
[0.126s] -- Found rosidl_adapter: 3.1.5 (/opt/ros/humble/share/rosidl_adapter/cmake)
[0.171s] -- Using all available rosidl_typesupport_cpp: rosidl_typesupport_fastrtps_cpp;rosidl_typesupport_introspection_cpp
[0.194s] -- Found ros_gz: 0.244.11 (/opt/ros/humble/share/ros_gz/cmake)
[0.195s] -- Found ros_gz_sim: 0.244.11 (/opt/ros/humble/share/ros_gz_sim/cmake)
[0.256s] -- Found rmw_implementation_cmake: 6.1.2 (/opt/ros/humble/share/rmw_implementation_cmake/cmake)
[0.257s] -- Found rmw_fastrtps_cpp: 6.2.7 (/opt/ros/humble/share/rmw_fastrtps_cpp/cmake)
[0.444s] -- Using RMW implementation 'rmw_fastrtps_cpp' as default
[0.587s] -- Found ros_gz_bridge: 0.244.11 (/opt/ros/humble/share/ros_gz_bridge/cmake)
[0.695s] -- Found xacro: 2.0.8 (/opt/ros/humble/share/xacro/cmake)
[0.695s] -- Found ament_lint_auto: 0.12.11 (/opt/ros/humble/share/ament_lint_auto/cmake)
[0.734s] -- Added test 'flake8' to check Python code syntax and style conventions
[0.734s] -- Added test 'lint_cmake' to check CMake code style
[0.734s] -- Added test 'pep257' to check Python code against some of the docstring style conventions in PEP 257
[0.735s] -- Added test 'xmllint' to check XML markup files
[0.735s] -- Configuring done
[0.738s] -- Generating done
[0.739s] -- Build files have been written to: /simulation/build/camera
[0.756s] Invoked command in '/simulation/build/camera' returned '0': CMAKE_PREFIX_PATH=/opt/ros/humble /usr/bin/cmake --build /simulation/build/camera -- -j20 -l20
[0.800s] Invoking command in '/simulation/build/camera': CMAKE_PREFIX_PATH=/opt/ros/humble /usr/bin/cmake --install /simulation/build/camera
[0.827s] -- Install configuration: ""
[0.829s] -- Execute custom install script
[0.831s] -- Up-to-date symlink: /simulation/install/camera/share/camera/description/cam_world.sdf
[0.832s] -- Up-to-date symlink: /simulation/install/camera/share/camera/description/camera.urdf.xacro
[0.834s] -- Up-to-date symlink: /simulation/install/camera/share/camera/description/materials.xacro
[0.835s] -- Up-to-date symlink: /simulation/install/camera/share/camera/description/shapes.xacro
[0.836s] -- Up-to-date symlink: /simulation/install/camera/share/camera/launch/camera.launch.py
[0.837s] -- Up-to-date symlink: /simulation/install/camera/share/camera/worlds/ground_plane.world
[0.838s] -- Up-to-date symlink: /simulation/install/camera/share/ament_index/resource_index/package_run_dependencies/camera
[0.839s] -- Up-to-date symlink: /simulation/install/camera/share/ament_index/resource_index/parent_prefix_path/camera
[0.840s] -- Up-to-date symlink: /simulation/install/camera/share/camera/environment/ament_prefix_path.sh
[0.840s] -- Up-to-date symlink: /simulation/install/camera/share/camera/environment/ament_prefix_path.dsv
[0.841s] -- Up-to-date symlink: /simulation/install/camera/share/camera/environment/path.sh
[0.841s] -- Up-to-date symlink: /simulation/install/camera/share/camera/environment/path.dsv
[0.842s] -- Up-to-date symlink: /simulation/install/camera/share/camera/local_setup.bash
[0.842s] -- Up-to-date symlink: /simulation/install/camera/share/camera/local_setup.sh
[0.843s] -- Up-to-date symlink: /simulation/install/camera/share/camera/local_setup.zsh
[0.843s] -- Up-to-date symlink: /simulation/install/camera/share/camera/local_setup.dsv
[0.844s] -- Symlinking: /simulation/install/camera/share/camera/package.dsv
[0.880s] -- Up-to-date symlink: /simulation/install/camera/share/ament_index/resource_index/packages/camera
[0.881s] -- Up-to-date symlink: /simulation/install/camera/share/camera/cmake/cameraConfig.cmake
[0.882s] -- Up-to-date symlink: /simulation/install/camera/share/camera/cmake/cameraConfig-version.cmake
[0.882s] -- Up-to-date symlink: /simulation/install/camera/share/camera/package.xml
[0.888s] Invoked command in '/simulation/build/camera' returned '0': CMAKE_PREFIX_PATH=/opt/ros/humble /usr/bin/cmake --install /simulation/build/camera
